# JRE version: 7.0_11-b21
# Java VM: Java HotSpot(TM) 64-Bit Server VM (23.6-b04 mixed mode windows-amd64 compressed oops)
Heap
 PSYoungGen      total 97280K, used 95670K [0x00000000fa000000, 0x00000000fffe0000, 0x0000000100000000)
  eden space 96512K, 98% used [0x00000000fa000000,0x00000000ffd45b18,0x00000000ffe40000)
  from space 768K, 20% used [0x00000000fff20000,0x00000000fff48000,0x00000000fffe0000)
  to   space 832K, 0% used [0x00000000ffe40000,0x00000000ffe40000,0x00000000fff10000)
 ParOldGen       total 112960K, used 71337K [0x00000000e8000000, 0x00000000eee50000, 0x00000000fa000000)
  object space 112960K, 63% used [0x00000000e8000000,0x00000000ec5aa5c0,0x00000000eee50000)
 PSPermGen       total 84544K, used 62748K [0x00000000e0000000, 0x00000000e5290000, 0x00000000e8000000)
  object space 84544K, 74% used [0x00000000e0000000,0x00000000e3d47300,0x00000000e5290000)
GC Heap History (10 events):
Event: 329303.471 GC heap before
{Heap before GC invocations=2784 (full 12):
 PSYoungGen      total 97216K, used 96480K [0x00000000fa000000, 0x0000000100000000, 0x0000000100000000)
  eden space 96256K, 100% used [0x00000000fa000000,0x00000000ffe00000,0x00000000ffe00000)
  from space 960K, 23% used [0x00000000ffe00000,0x00000000ffe38000,0x00000000ffef0000)
  to   space 960K, 0% used [0x00000000fff10000,0x00000000fff10000,0x0000000100000000)
 ParOldGen       total 112960K, used 71329K [0x00000000e8000000, 0x00000000eee50000, 0x00000000fa000000)
  object space 112960K, 63% used [0x00000000e8000000,0x00000000ec5a85c0,0x00000000eee50000)
 PSPermGen       total 84544K, used 62748K [0x00000000e0000000, 0x00000000e5290000, 0x00000000e8000000)
  object space 84544K, 74% used [0x00000000e0000000,0x00000000e3d47300,0x00000000e5290000)
Event: 329303.474 GC heap after
Heap after GC invocations=2784 (full 12):
 PSYoungGen      total 97344K, used 224K [0x00000000fa000000, 0x0000000100000000, 0x0000000100000000)
  eden space 96384K, 0% used [0x00000000fa000000,0x00000000fa000000,0x00000000ffe20000)
  from space 960K, 23% used [0x00000000fff10000,0x00000000fff48000,0x0000000100000000)
  to   space 960K, 0% used [0x00000000ffe20000,0x00000000ffe20000,0x00000000fff10000)
 ParOldGen       total 112960K, used 71337K [0x00000000e8000000, 0x00000000eee50000, 0x00000000fa000000)
  object space 112960K, 63% used [0x00000000e8000000,0x00000000ec5aa5c0,0x00000000eee50000)
 PSPermGen       total 84544K, used 62748K [0x00000000e0000000, 0x00000000e5290000, 0x00000000e8000000)
  object space 84544K, 74% used [0x00000000e0000000,0x00000000e3d47300,0x00000000e5290000)
}
Event: 329441.109 GC heap before
{Heap before GC invocations=2785 (full 12):
 PSYoungGen      total 97344K, used 96608K [0x00000000fa000000, 0x0000000100000000, 0x0000000100000000)
  eden space 96384K, 100% used [0x00000000fa000000,0x00000000ffe20000,0x00000000ffe20000)
  from space 960K, 23% used [0x00000000fff10000,0x00000000fff48000,0x0000000100000000)
  to   space 960K, 0% used [0x00000000ffe20000,0x00000000ffe20000,0x00000000fff10000)
 ParOldGen       total 112960K, used 71337K [0x00000000e8000000, 0x00000000eee50000, 0x00000000fa000000)
  object space 112960K, 63% used [0x00000000e8000000,0x00000000ec5aa5c0,0x00000000eee50000)
 PSPermGen       total 84544K, used 62748K [0x00000000e0000000, 0x00000000e5290000, 0x00000000e8000000)
  object space 84544K, 74% used [0x00000000e0000000,0x00000000e3d47300,0x00000000e5290000)
Event: 329441.115 GC heap after
Heap after GC invocations=2785 (full 12):
 PSYoungGen      total 96640K, used 224K [0x00000000fa000000, 0x00000000fffe0000, 0x0000000100000000)
  eden space 96384K, 0% used [0x00000000fa000000,0x00000000fa000000,0x00000000ffe20000)
  from space 256K, 87% used [0x00000000ffe20000,0x00000000ffe58000,0x00000000ffe60000)
  to   space 896K, 0% used [0x00000000fff00000,0x00000000fff00000,0x00000000fffe0000)
 ParOldGen       total 112960K, used 71337K [0x00000000e8000000, 0x00000000eee50000, 0x00000000fa000000)
  object space 112960K, 63% used [0x00000000e8000000,0x00000000ec5aa5c0,0x00000000eee50000)
 PSPermGen       total 84544K, used 62748K [0x00000000e0000000, 0x00000000e5290000, 0x00000000e8000000)
  object space 84544K, 74% used [0x00000000e0000000,0x00000000e3d47300,0x00000000e5290000)
}
Event: 329612.445 GC heap before
{Heap before GC invocations=2786 (full 12):
 PSYoungGen      total 96640K, used 96608K [0x00000000fa000000, 0x00000000fffe0000, 0x0000000100000000)
  eden space 96384K, 100% used [0x00000000fa000000,0x00000000ffe20000,0x00000000ffe20000)
  from space 256K, 87% used [0x00000000ffe20000,0x00000000ffe58000,0x00000000ffe60000)
  to   space 896K, 0% used [0x00000000fff00000,0x00000000fff00000,0x00000000fffe0000)
 ParOldGen       total 112960K, used 71337K [0x00000000e8000000, 0x00000000eee50000, 0x00000000fa000000)
  object space 112960K, 63% used [0x00000000e8000000,0x00000000ec5aa5c0,0x00000000eee50000)
 PSPermGen       total 84544K, used 62748K [0x00000000e0000000, 0x00000000e5290000, 0x00000000e8000000)
  object space 84544K, 74% used [0x00000000e0000000,0x00000000e3d47300,0x00000000e5290000)
Event: 329612.451 GC heap after
Heap after GC invocations=2786 (full 12):
 PSYoungGen      total 97280K, used 128K [0x00000000fa000000, 0x0000000100000000, 0x0000000100000000)
  eden space 96384K, 0% used [0x00000000fa000000,0x00000000fa000000,0x00000000ffe20000)
  from space 896K, 14% used [0x00000000fff00000,0x00000000fff20000,0x00000000fffe0000)
  to   space 896K, 0% used [0x00000000ffe20000,0x00000000ffe20000,0x00000000fff00000)
 ParOldGen       total 112960K, used 71337K [0x00000000e8000000, 0x00000000eee50000, 0x00000000fa000000)
  object space 112960K, 63% used [0x00000000e8000000,0x00000000ec5aa5c0,0x00000000eee50000)
 PSPermGen       total 84544K, used 62748K [0x00000000e0000000, 0x00000000e5290000, 0x00000000e8000000)
  object space 84544K, 74% used [0x00000000e0000000,0x00000000e3d47300,0x00000000e5290000)
}
Event: 329786.437 GC heap before
{Heap before GC invocations=2787 (full 12):
 PSYoungGen      total 97280K, used 96512K [0x00000000fa000000, 0x0000000100000000, 0x0000000100000000)
  eden space 96384K, 100% used [0x00000000fa000000,0x00000000ffe20000,0x00000000ffe20000)
  from space 896K, 14% used [0x00000000fff00000,0x00000000fff20000,0x00000000fffe0000)
  to   space 896K, 0% used [0x00000000ffe20000,0x00000000ffe20000,0x00000000fff00000)
 ParOldGen       total 112960K, used 71337K [0x00000000e8000000, 0x00000000eee50000, 0x00000000fa000000)
  object space 112960K, 63% used [0x00000000e8000000,0x00000000ec5aa5c0,0x00000000eee50000)
 PSPermGen       total 84544K, used 62748K [0x00000000e0000000, 0x00000000e5290000, 0x00000000e8000000)
  object space 84544K, 74% used [0x00000000e0000000,0x00000000e3d47300,0x00000000e5290000)
Event: 329786.443 GC heap after
Heap after GC invocations=2787 (full 12):
 PSYoungGen      total 97280K, used 160K [0x00000000fa000000, 0x0000000100000000, 0x0000000100000000)
  eden space 96384K, 0% used [0x00000000fa000000,0x00000000fa000000,0x00000000ffe20000)
  from space 896K, 17% used [0x00000000ffe20000,0x00000000ffe48000,0x00000000fff00000)
  to   space 896K, 0% used [0x00000000fff20000,0x00000000fff20000,0x0000000100000000)
 ParOldGen       total 112960K, used 71337K [0x00000000e8000000, 0x00000000eee50000, 0x00000000fa000000)
  object space 112960K, 63% used [0x00000000e8000000,0x00000000ec5aa5c0,0x00000000eee50000)
 PSPermGen       total 84544K, used 62748K [0x00000000e0000000, 0x00000000e5290000, 0x00000000e8000000)
  object space 84544K, 74% used [0x00000000e0000000,0x00000000e3d47300,0x00000000e5290000)
}
Event: 329960.430 GC heap before
{Heap before GC invocations=2788 (full 12):
 PSYoungGen      total 97280K, used 96544K [0x00000000fa000000, 0x0000000100000000, 0x0000000100000000)
  eden space 96384K, 100% used [0x00000000fa000000,0x00000000ffe20000,0x00000000ffe20000)
  from space 896K, 17% used [0x00000000ffe20000,0x00000000ffe48000,0x00000000fff00000)
  to   space 896K, 0% used [0x00000000fff20000,0x00000000fff20000,0x0000000100000000)
 ParOldGen       total 112960K, used 71337K [0x00000000e8000000, 0x00000000eee50000, 0x00000000fa000000)
  object space 112960K, 63% used [0x00000000e8000000,0x00000000ec5aa5c0,0x00000000eee50000)
 PSPermGen       total 84544K, used 62748K [0x00000000e0000000, 0x00000000e5290000, 0x00000000e8000000)
  object space 84544K, 74% used [0x00000000e0000000,0x00000000e3d47300,0x00000000e5290000)
Event: 329960.436 GC heap after
Heap after GC invocations=2788 (full 12):
 PSYoungGen      total 97280K, used 160K [0x00000000fa000000, 0x00000000fffe0000, 0x0000000100000000)
  eden space 96512K, 0% used [0x00000000fa000000,0x00000000fa000000,0x00000000ffe40000)
  from space 768K, 20% used [0x00000000fff20000,0x00000000fff48000,0x00000000fffe0000)
  to   space 832K, 0% used [0x00000000ffe40000,0x00000000ffe40000,0x00000000fff10000)
 ParOldGen       total 112960K, used 71337K [0x00000000e8000000, 0x00000000eee50000, 0x00000000fa000000)
  object space 112960K, 63% used [0x00000000e8000000,0x00000000ec5aa5c0,0x00000000eee50000)
 PSPermGen       total 84544K, used 62748K [0x00000000e0000000, 0x00000000e5290000, 0x00000000e8000000)
  object space 84544K, 74% used [0x00000000e0000000,0x00000000e3d47300,0x00000000e5290000)
}

