# JRE version: 7.0_11-b21
# Java VM: Java HotSpot(TM) 64-Bit Server VM (23.6-b04 mixed mode windows-amd64 compressed oops)
Heap
 PSYoungGen      total 97984K, used 46163K [0x00000000fa000000, 0x0000000100000000, 0x0000000100000000)
  eden space 97664K, 46% used [0x00000000fa000000,0x00000000fccc6ac8,0x00000000fff60000)
  from space 320K, 97% used [0x00000000fff60000,0x00000000fffae1a8,0x00000000fffb0000)
  to   space 320K, 0% used [0x00000000fffb0000,0x00000000fffb0000,0x0000000100000000)
 ParOldGen       total 294912K, used 258113K [0x00000000e8000000, 0x00000000fa000000, 0x00000000fa000000)
  object space 294912K, 87% used [0x00000000e8000000,0x00000000f7c10738,0x00000000fa000000)
 PSPermGen       total 93888K, used 66364K [0x00000000e0000000, 0x00000000e5bb0000, 0x00000000e8000000)
  object space 93888K, 70% used [0x00000000e0000000,0x00000000e40cf2e0,0x00000000e5bb0000)
GC Heap History (10 events):
Event: 274481.992 GC heap before
{Heap before GC invocations=2790 (full 10):
 PSYoungGen      total 98048K, used 97888K [0x00000000fa000000, 0x0000000100000000, 0x0000000100000000)
  eden space 97792K, 100% used [0x00000000fa000000,0x00000000fff80000,0x00000000fff80000)
  from space 256K, 37% used [0x00000000fffc0000,0x00000000fffd8000,0x0000000100000000)
  to   space 256K, 0% used [0x00000000fff80000,0x00000000fff80000,0x00000000fffc0000)
 ParOldGen       total 294912K, used 257466K [0x00000000e8000000, 0x00000000fa000000, 0x00000000fa000000)
  object space 294912K, 87% used [0x00000000e8000000,0x00000000f7b6ea98,0x00000000fa000000)
 PSPermGen       total 93888K, used 66364K [0x00000000e0000000, 0x00000000e5bb0000, 0x00000000e8000000)
  object space 93888K, 70% used [0x00000000e0000000,0x00000000e40cf2c0,0x00000000e5bb0000)
Event: 274481.997 GC heap after
Heap after GC invocations=2790 (full 10):
 PSYoungGen      total 98048K, used 160K [0x00000000fa000000, 0x0000000100000000, 0x0000000100000000)
  eden space 97792K, 0% used [0x00000000fa000000,0x00000000fa000000,0x00000000fff80000)
  from space 256K, 62% used [0x00000000fff80000,0x00000000fffa8000,0x00000000fffc0000)
  to   space 256K, 0% used [0x00000000fffc0000,0x00000000fffc0000,0x0000000100000000)
 ParOldGen       total 294912K, used 257466K [0x00000000e8000000, 0x00000000fa000000, 0x00000000fa000000)
  object space 294912K, 87% used [0x00000000e8000000,0x00000000f7b6ea98,0x00000000fa000000)
 PSPermGen       total 93888K, used 66364K [0x00000000e0000000, 0x00000000e5bb0000, 0x00000000e8000000)
  object space 93888K, 70% used [0x00000000e0000000,0x00000000e40cf2c0,0x00000000e5bb0000)
}
Event: 274525.449 GC heap before
{Heap before GC invocations=2791 (full 10):
 PSYoungGen      total 98048K, used 97952K [0x00000000fa000000, 0x0000000100000000, 0x0000000100000000)
  eden space 97792K, 100% used [0x00000000fa000000,0x00000000fff80000,0x00000000fff80000)
  from space 256K, 62% used [0x00000000fff80000,0x00000000fffa8000,0x00000000fffc0000)
  to   space 256K, 0% used [0x00000000fffc0000,0x00000000fffc0000,0x0000000100000000)
 ParOldGen       total 294912K, used 257466K [0x00000000e8000000, 0x00000000fa000000, 0x00000000fa000000)
  object space 294912K, 87% used [0x00000000e8000000,0x00000000f7b6ea98,0x00000000fa000000)
 PSPermGen       total 93888K, used 66364K [0x00000000e0000000, 0x00000000e5bb0000, 0x00000000e8000000)
  object space 93888K, 70% used [0x00000000e0000000,0x00000000e40cf2c0,0x00000000e5bb0000)
Event: 274525.453 GC heap after
Heap after GC invocations=2791 (full 10):
 PSYoungGen      total 98048K, used 128K [0x00000000fa000000, 0x0000000100000000, 0x0000000100000000)
  eden space 97792K, 0% used [0x00000000fa000000,0x00000000fa000000,0x00000000fff80000)
  from space 256K, 50% used [0x00000000fffc0000,0x00000000fffe0000,0x0000000100000000)
  to   space 256K, 0% used [0x00000000fff80000,0x00000000fff80000,0x00000000fffc0000)
 ParOldGen       total 294912K, used 257466K [0x00000000e8000000, 0x00000000fa000000, 0x00000000fa000000)
  object space 294912K, 87% used [0x00000000e8000000,0x00000000f7b6ea98,0x00000000fa000000)
 PSPermGen       total 93888K, used 66364K [0x00000000e0000000, 0x00000000e5bb0000, 0x00000000e8000000)
  object space 93888K, 70% used [0x00000000e0000000,0x00000000e40cf2c0,0x00000000e5bb0000)
}
Event: 275116.675 GC heap before
{Heap before GC invocations=2792 (full 10):
 PSYoungGen      total 98048K, used 97920K [0x00000000fa000000, 0x0000000100000000, 0x0000000100000000)
  eden space 97792K, 100% used [0x00000000fa000000,0x00000000fff80000,0x00000000fff80000)
  from space 256K, 50% used [0x00000000fffc0000,0x00000000fffe0000,0x0000000100000000)
  to   space 256K, 0% used [0x00000000fff80000,0x00000000fff80000,0x00000000fffc0000)
 ParOldGen       total 294912K, used 257466K [0x00000000e8000000, 0x00000000fa000000, 0x00000000fa000000)
  object space 294912K, 87% used [0x00000000e8000000,0x00000000f7b6ea98,0x00000000fa000000)
 PSPermGen       total 93888K, used 66364K [0x00000000e0000000, 0x00000000e5bb0000, 0x00000000e8000000)
  object space 93888K, 70% used [0x00000000e0000000,0x00000000e40cf2e0,0x00000000e5bb0000)
Event: 275116.679 GC heap after
Heap after GC invocations=2792 (full 10):
 PSYoungGen      total 98048K, used 248K [0x00000000fa000000, 0x0000000100000000, 0x0000000100000000)
  eden space 97792K, 0% used [0x00000000fa000000,0x00000000fa000000,0x00000000fff80000)
  from space 256K, 97% used [0x00000000fff80000,0x00000000fffbe1d8,0x00000000fffc0000)
  to   space 256K, 0% used [0x00000000fffc0000,0x00000000fffc0000,0x0000000100000000)
 ParOldGen       total 294912K, used 257632K [0x00000000e8000000, 0x00000000fa000000, 0x00000000fa000000)
  object space 294912K, 87% used [0x00000000e8000000,0x00000000f7b98010,0x00000000fa000000)
 PSPermGen       total 93888K, used 66364K [0x00000000e0000000, 0x00000000e5bb0000, 0x00000000e8000000)
  object space 93888K, 70% used [0x00000000e0000000,0x00000000e40cf2e0,0x00000000e5bb0000)
}
Event: 275116.870 GC heap before
{Heap before GC invocations=2793 (full 10):
 PSYoungGen      total 98048K, used 98040K [0x00000000fa000000, 0x0000000100000000, 0x0000000100000000)
  eden space 97792K, 100% used [0x00000000fa000000,0x00000000fff80000,0x00000000fff80000)
  from space 256K, 97% used [0x00000000fff80000,0x00000000fffbe1d8,0x00000000fffc0000)
  to   space 256K, 0% used [0x00000000fffc0000,0x00000000fffc0000,0x0000000100000000)
 ParOldGen       total 294912K, used 257632K [0x00000000e8000000, 0x00000000fa000000, 0x00000000fa000000)
  object space 294912K, 87% used [0x00000000e8000000,0x00000000f7b98010,0x00000000fa000000)
 PSPermGen       total 93888K, used 66364K [0x00000000e0000000, 0x00000000e5bb0000, 0x00000000e8000000)
  object space 93888K, 70% used [0x00000000e0000000,0x00000000e40cf2e0,0x00000000e5bb0000)
Event: 275116.874 GC heap after
Heap after GC invocations=2793 (full 10):
 PSYoungGen      total 97920K, used 160K [0x00000000fa000000, 0x0000000100000000, 0x0000000100000000)
  eden space 97664K, 0% used [0x00000000fa000000,0x00000000fa000000,0x00000000fff60000)
  from space 256K, 62% used [0x00000000fffc0000,0x00000000fffe8000,0x0000000100000000)
  to   space 320K, 0% used [0x00000000fff60000,0x00000000fff60000,0x00000000fffb0000)
 ParOldGen       total 294912K, used 257768K [0x00000000e8000000, 0x00000000fa000000, 0x00000000fa000000)
  object space 294912K, 87% used [0x00000000e8000000,0x00000000f7bba1f8,0x00000000fa000000)
 PSPermGen       total 93888K, used 66364K [0x00000000e0000000, 0x00000000e5bb0000, 0x00000000e8000000)
  object space 93888K, 70% used [0x00000000e0000000,0x00000000e40cf2e0,0x00000000e5bb0000)
}
Event: 275124.407 GC heap before
{Heap before GC invocations=2794 (full 10):
 PSYoungGen      total 97920K, used 97824K [0x00000000fa000000, 0x0000000100000000, 0x0000000100000000)
  eden space 97664K, 100% used [0x00000000fa000000,0x00000000fff60000,0x00000000fff60000)
  from space 256K, 62% used [0x00000000fffc0000,0x00000000fffe8000,0x0000000100000000)
  to   space 320K, 0% used [0x00000000fff60000,0x00000000fff60000,0x00000000fffb0000)
 ParOldGen       total 294912K, used 257768K [0x00000000e8000000, 0x00000000fa000000, 0x00000000fa000000)
  object space 294912K, 87% used [0x00000000e8000000,0x00000000f7bba1f8,0x00000000fa000000)
 PSPermGen       total 93888K, used 66364K [0x00000000e0000000, 0x00000000e5bb0000, 0x00000000e8000000)
  object space 93888K, 70% used [0x00000000e0000000,0x00000000e40cf2e0,0x00000000e5bb0000)
Event: 275124.413 GC heap after
Heap after GC invocations=2794 (full 10):
 PSYoungGen      total 97984K, used 312K [0x00000000fa000000, 0x0000000100000000, 0x0000000100000000)
  eden space 97664K, 0% used [0x00000000fa000000,0x00000000fa000000,0x00000000fff60000)
  from space 320K, 97% used [0x00000000fff60000,0x00000000fffae1a8,0x00000000fffb0000)
  to   space 320K, 0% used [0x00000000fffb0000,0x00000000fffb0000,0x0000000100000000)
 ParOldGen       total 294912K, used 258113K [0x00000000e8000000, 0x00000000fa000000, 0x00000000fa000000)
  object space 294912K, 87% used [0x00000000e8000000,0x00000000f7c10738,0x00000000fa000000)
 PSPermGen       total 93888K, used 66364K [0x00000000e0000000, 0x00000000e5bb0000, 0x00000000e8000000)
  object space 93888K, 70% used [0x00000000e0000000,0x00000000e40cf2e0,0x00000000e5bb0000)
}

